<?xml version="1.0" encoding="UTF-8"?>
<!-- Generated by org.testng.reporters.JUnitXMLReporter -->
<testsuite ignored="4" hostname="DESKTOP-FNQHEA4" failures="0" tests="2" name="Validate login to Altoro with valid credential" time="21.776" errors="0" timestamp="2024-12-21T14:41:20 EET">
  <testcase classname="testcases.TC01_Home" name="validateSignInButtonNavigateToLoginPage" time="2.753"/>
  <testcase classname="testcases.TC02_Login" name="validateLoginWithValidData" time="7.008"/>
  <testcase classname="testcases.TestBase" name="@BeforeTest setupDriver" time="0.0">
    <ignored/>
  </testcase> <!-- @BeforeTest setupDriver -->
  <testcase classname="testcases.TestBase" name="@AfterSuite afterSuite" time="0.0">
    <ignored/>
  </testcase> <!-- @AfterSuite afterSuite -->
  <testcase classname="testcases.TestBase" name="@BeforeSuite beforeSuite" time="0.0">
    <ignored/>
  </testcase> <!-- @BeforeSuite beforeSuite -->
  <testcase classname="testcases.TestBase" name="@AfterTest tearDown" time="0.0">
    <ignored/>
  </testcase> <!-- @AfterTest tearDown -->
</testsuite> <!-- Validate login to Altoro with valid credential -->
