<?xml version="1.0" encoding="UTF-8"?>
<testng-results ignored="0" total="4" passed="4" failed="0" skipped="0">
  <reporter-output>
  </reporter-output>
  <suite started-at="2024-12-22T22:36:36 EET" name="Sprint 1" finished-at="2024-12-22T22:37:06 EET" duration-ms="29153">
    <groups>
    </groups>
    <test started-at="2024-12-22T22:36:36 EET" name="Validate login to Altoro with valid credentials" finished-at="2024-12-22T22:36:59 EET" duration-ms="22774">
      <class name="testcases.TC01_Home">
        <test-method is-config="true" signature="setupDriver(java.lang.String,java.lang.String,java.lang.String)[pri:0, instance:testcases.TC01_Home@1cb7936c]" started-at="2024-12-22T22:36:37 EET" name="setupDriver" finished-at="2024-12-22T22:36:43 EET" duration-ms="6362" status="PASS">
          <params>
            <param index="0">
              <value>
                <![CDATA[chrome]]>
              </value>
            </param>
            <param index="1">
              <value>
                <![CDATA[true]]>
              </value>
            </param>
            <param index="2">
              <value>
                <![CDATA[linux]]>
              </value>
            </param>
          </params>
          <reporter-output>
          </reporter-output>
        </test-method> <!-- setupDriver -->
        <test-method signature="validateSignInButtonNavigateToLoginPage()[pri:1, instance:testcases.TC01_Home@1cb7936c]" started-at="2024-12-22T22:36:43 EET" name="validateSignInButtonNavigateToLoginPage" description="Validate signIn button Navigate to login page" finished-at="2024-12-22T22:36:49 EET" duration-ms="6288" status="PASS">
          <reporter-output>
          </reporter-output>
        </test-method> <!-- validateSignInButtonNavigateToLoginPage -->
        <test-method is-config="true" signature="getResult(org.testng.ITestResult)[pri:0, instance:testcases.TC01_Home@1cb7936c]" started-at="2024-12-22T22:36:50 EET" name="getResult" finished-at="2024-12-22T22:36:50 EET" duration-ms="15" status="PASS">
          <params>
            <param index="0">
              <value>
                <![CDATA[[TestResult name=validateSignInButtonNavigateToLoginPage status=SUCCESS method=TC01_Home.validateSignInButtonNavigateToLoginPage()[pri:1, instance:testcases.TC01_Home@1cb7936c] output={null}]]]>
              </value>
            </param>
          </params>
          <reporter-output>
          </reporter-output>
        </test-method> <!-- getResult -->
        <test-method is-config="true" signature="tearDown()[pri:0, instance:testcases.TC01_Home@1cb7936c]" started-at="2024-12-22T22:36:59 EET" name="tearDown" finished-at="2024-12-22T22:36:59 EET" duration-ms="215" status="PASS">
          <reporter-output>
          </reporter-output>
        </test-method> <!-- tearDown -->
      </class> <!-- testcases.TC01_Home -->
      <class name="testcases.TC02_Login">
        <test-method signature="validateLoginWithValidData()[pri:1, instance:testcases.TC02_Login@7558633]" started-at="2024-12-22T22:36:50 EET" name="validateLoginWithValidData" description="Check login with valid data" finished-at="2024-12-22T22:36:59 EET" duration-ms="9193" status="PASS">
          <reporter-output>
          </reporter-output>
        </test-method> <!-- validateLoginWithValidData -->
        <test-method is-config="true" signature="getResult(org.testng.ITestResult)[pri:0, instance:testcases.TC02_Login@7558633]" started-at="2024-12-22T22:36:59 EET" name="getResult" finished-at="2024-12-22T22:36:59 EET" duration-ms="2" status="PASS">
          <params>
            <param index="0">
              <value>
                <![CDATA[[TestResult name=validateLoginWithValidData status=SUCCESS method=TC02_Login.validateLoginWithValidData()[pri:1, instance:testcases.TC02_Login@7558633] output={null}]]]>
              </value>
            </param>
          </params>
          <reporter-output>
          </reporter-output>
        </test-method> <!-- getResult -->
      </class> <!-- testcases.TC02_Login -->
    </test> <!-- Validate login to Altoro with valid credentials -->
    <test started-at="2024-12-22T22:36:36 EET" name="Validate login to Altoro with valid credential" finished-at="2024-12-22T22:37:06 EET" duration-ms="29153">
      <class name="testcases.TC01_Home">
        <test-method is-config="true" signature="beforeSuite()[pri:0, instance:testcases.TC01_Home@7a0ab480]" started-at="2024-12-22T22:36:36 EET" name="beforeSuite" finished-at="2024-12-22T22:36:36 EET" duration-ms="903" status="PASS">
          <reporter-output>
          </reporter-output>
        </test-method> <!-- beforeSuite -->
        <test-method is-config="true" signature="setupDriver(java.lang.String,java.lang.String,java.lang.String)[pri:0, instance:testcases.TC01_Home@7a0ab480]" started-at="2024-12-22T22:36:37 EET" name="setupDriver" finished-at="2024-12-22T22:36:52 EET" duration-ms="14921" status="PASS">
          <params>
            <param index="0">
              <value>
                <![CDATA[firefox]]>
              </value>
            </param>
            <param index="1">
              <value>
                <![CDATA[true]]>
              </value>
            </param>
            <param index="2">
              <value>
                <![CDATA[linux]]>
              </value>
            </param>
          </params>
          <reporter-output>
          </reporter-output>
        </test-method> <!-- setupDriver -->
        <test-method signature="validateSignInButtonNavigateToLoginPage()[pri:1, instance:testcases.TC01_Home@7a0ab480]" started-at="2024-12-22T22:36:52 EET" name="validateSignInButtonNavigateToLoginPage" description="Validate signIn button Navigate to login page" finished-at="2024-12-22T22:36:55 EET" duration-ms="3205" status="PASS">
          <reporter-output>
          </reporter-output>
        </test-method> <!-- validateSignInButtonNavigateToLoginPage -->
        <test-method is-config="true" signature="getResult(org.testng.ITestResult)[pri:0, instance:testcases.TC01_Home@7a0ab480]" started-at="2024-12-22T22:36:55 EET" name="getResult" finished-at="2024-12-22T22:36:55 EET" duration-ms="4" status="PASS">
          <params>
            <param index="0">
              <value>
                <![CDATA[[TestResult name=validateSignInButtonNavigateToLoginPage status=SUCCESS method=TC01_Home.validateSignInButtonNavigateToLoginPage()[pri:1, instance:testcases.TC01_Home@7a0ab480] output={null}]]]>
              </value>
            </param>
          </params>
          <reporter-output>
          </reporter-output>
        </test-method> <!-- getResult -->
        <test-method is-config="true" signature="tearDown()[pri:0, instance:testcases.TC01_Home@7a0ab480]" started-at="2024-12-22T22:37:02 EET" name="tearDown" finished-at="2024-12-22T22:37:06 EET" duration-ms="3513" status="PASS">
          <reporter-output>
          </reporter-output>
        </test-method> <!-- tearDown -->
        <test-method is-config="true" signature="afterSuite()[pri:0, instance:testcases.TC01_Home@7a0ab480]" started-at="2024-12-22T22:37:06 EET" name="afterSuite" finished-at="2024-12-22T22:37:06 EET" duration-ms="778" status="PASS">
          <reporter-output>
          </reporter-output>
        </test-method> <!-- afterSuite -->
      </class> <!-- testcases.TC01_Home -->
      <class name="testcases.TC02_Login">
        <test-method signature="validateLoginWithValidData()[pri:1, instance:testcases.TC02_Login@212fafd1]" started-at="2024-12-22T22:36:55 EET" name="validateLoginWithValidData" description="Check login with valid data" finished-at="2024-12-22T22:37:02 EET" duration-ms="7248" status="PASS">
          <reporter-output>
          </reporter-output>
        </test-method> <!-- validateLoginWithValidData -->
        <test-method is-config="true" signature="getResult(org.testng.ITestResult)[pri:0, instance:testcases.TC02_Login@212fafd1]" started-at="2024-12-22T22:37:02 EET" name="getResult" finished-at="2024-12-22T22:37:02 EET" duration-ms="0" status="PASS">
          <params>
            <param index="0">
              <value>
                <![CDATA[[TestResult name=validateLoginWithValidData status=SUCCESS method=TC02_Login.validateLoginWithValidData()[pri:1, instance:testcases.TC02_Login@212fafd1] output={null}]]]>
              </value>
            </param>
          </params>
          <reporter-output>
          </reporter-output>
        </test-method> <!-- getResult -->
      </class> <!-- testcases.TC02_Login -->
    </test> <!-- Validate login to Altoro with valid credential -->
  </suite> <!-- Sprint 1 -->
</testng-results>
